The target system is: Generic -  - arm
The host system is: Darwin - 20.6.0 - x86_64
Compiling the C compiler identification source file "CMakeCCompilerId.c" succeeded.
Compiler: /Applications/STM32CubeIDE.app/Contents/Eclipse/plugins/com.st.stm32cube.ide.mcu.externaltools.gnu-tools-for-stm32.10.3-2021.10.macos64_1.0.200.202301161003/tools/bin/arm-none-eabi-gcc -fdata-sections;-ffunction-sections;--specs=nano.specs;-Wl,--gc-sections
Build flags: 
Id flags: -c 

The output was:
0


Compilation of the C compiler identification source "CMakeCCompilerId.c" produced "CMakeCCompilerId.o"

The C compiler identification is GNU, found in "/Users/eliapalme/AutoMower/B005CSerial/build/debug/build/CMakeFiles/3.20.1/CompilerIdC/CMakeCCompilerId.o"

Compiling the CXX compiler identification source file "CMakeCXXCompilerId.cpp" succeeded.
Compiler: /Applications/STM32CubeIDE.app/Contents/Eclipse/plugins/com.st.stm32cube.ide.mcu.externaltools.gnu-tools-for-stm32.10.3-2021.10.macos64_1.0.200.202301161003/tools/bin/arm-none-eabi-g++ -fdata-sections;-ffunction-sections;--specs=nano.specs;-Wl,--gc-sections;-fno-rtti;-fno-exceptions;-fno-threadsafe-statics
Build flags: 
Id flags: -c 

The output was:
0


Compilation of the CXX compiler identification source "CMakeCXXCompilerId.cpp" produced "CMakeCXXCompilerId.o"

The CXX compiler identification is GNU, found in "/Users/eliapalme/AutoMower/B005CSerial/build/debug/build/CMakeFiles/3.20.1/CompilerIdCXX/CMakeCXXCompilerId.o"

Checking whether the ASM compiler is GNU using "--version" matched "(GNU assembler)|(GCC)|(Free Software Foundation)":
arm-none-eabi-gcc (GNU Tools for STM32 10.3-2021.10.20211105-1100) 10.3.1 20210824 (release)
Copyright (C) 2020 Free Software Foundation, Inc.
This is free software; see the source for copying conditions.  There is NO
warranty; not even for MERCHANTABILITY or FITNESS FOR A PARTICULAR PURPOSE.

Detecting C compiler ABI info compiled with the following output:
Change Dir: /Users/eliapalme/AutoMower/B005CSerial/build/debug/build/CMakeFiles/CMakeTmp

Run Build Command(s):/Users/eliapalme/Library/Application Support/Code/User/globalStorage/ms-vscode.vscode-embedded-tools/vcpkg/root/downloads/artifacts/vcpkg-ce-default/tools.ninja.build.ninja/1.10.2/ninja cmTC_6cc6d && [1/2] Building C object CMakeFiles/cmTC_6cc6d.dir/CMakeCCompilerABI.c.obj
Using built-in specs.
Reading specs from /Applications/STM32CubeIDE.app/Contents/Eclipse/plugins/com.st.stm32cube.ide.mcu.externaltools.gnu-tools-for-stm32.10.3-2021.10.macos64_1.0.200.202301161003/tools/bin/../lib/gcc/arm-none-eabi/10.3.1/../../../../arm-none-eabi/lib/nano.specs
rename spec link to nano_link
rename spec link_gcc_c_sequence to nano_link_gcc_c_sequence
rename spec cpp_unique_options to nano_cpp_unique_options
COLLECT_GCC=/Applications/STM32CubeIDE.app/Contents/Eclipse/plugins/com.st.stm32cube.ide.mcu.externaltools.gnu-tools-for-stm32.10.3-2021.10.macos64_1.0.200.202301161003/tools/bin/arm-none-eabi-gcc
Target: arm-none-eabi
Configured with: /build/gnu-tools-for-stm32_10.3-2021.10.20211105-1100/src/gcc/configure --target=arm-none-eabi --prefix=/build/gnu-tools-for-stm32_10.3-2021.10.20211105-1100/install-native --libexecdir=/build/gnu-tools-for-stm32_10.3-2021.10.20211105-1100/install-native/lib --infodir=/build/gnu-tools-for-stm32_10.3-2021.10.20211105-1100/install-native/share/doc/gcc-arm-none-eabi/info --mandir=/build/gnu-tools-for-stm32_10.3-2021.10.20211105-1100/install-native/share/doc/gcc-arm-none-eabi/man --htmldir=/build/gnu-tools-for-stm32_10.3-2021.10.20211105-1100/install-native/share/doc/gcc-arm-none-eabi/html --pdfdir=/build/gnu-tools-for-stm32_10.3-2021.10.20211105-1100/install-native/share/doc/gcc-arm-none-eabi/pdf --enable-languages=c,c++ --enable-plugins --disable-decimal-float --disable-libffi --disable-libgomp --disable-libmudflap --disable-libquadmath --disable-libssp --disable-libstdcxx-pch --disable-nls --disable-shared --disable-threads --disable-tls --with-gnu-as --with-gnu-ld --with-newlib --with-headers=yes --with-python-dir=share/gcc-arm-none-eabi --with-sysroot=/build/gnu-tools-for-stm32_10.3-2021.10.20211105-1100/install-native/arm-none-eabi --build=x86_64-apple-darwin10 --host=x86_64-apple-darwin10 --with-gmp=/build/gnu-tools-for-stm32_10.3-2021.10.20211105-1100/build-native/host-libs/usr --with-mpfr=/build/gnu-tools-for-stm32_10.3-2021.10.20211105-1100/build-native/host-libs/usr --with-mpc=/build/gnu-tools-for-stm32_10.3-2021.10.20211105-1100/build-native/host-libs/usr --with-isl=/build/gnu-tools-for-stm32_10.3-2021.10.20211105-1100/build-native/host-libs/usr --with-libelf=/build/gnu-tools-for-stm32_10.3-2021.10.20211105-1100/build-native/host-libs/usr --with-host-libstdcxx='-static-libgcc -Wl,-lstdc++ -lm' --with-pkgversion='GNU Tools for STM32 10.3-2021.10.20211105-1100' --with-multilib-list=rmprofile,aprofile
Thread model: single
Supported LTO compression algorithms: zlib
gcc version 10.3.1 20210824 (release) (GNU Tools for STM32 10.3-2021.10.20211105-1100) 
COLLECT_GCC_OPTIONS='-fdata-sections' '-ffunction-sections' '-specs=nano.specs' '-v' '-o' 'CMakeFiles/cmTC_6cc6d.dir/CMakeCCompilerABI.c.obj' '-c' '-mcpu=arm7tdmi' '-mfloat-abi=soft' '-marm' '-mlibarch=armv4t' '-march=armv4t'
 /Applications/STM32CubeIDE.app/Contents/Eclipse/plugins/com.st.stm32cube.ide.mcu.externaltools.gnu-tools-for-stm32.10.3-2021.10.macos64_1.0.200.202301161003/tools/bin/../lib/gcc/arm-none-eabi/10.3.1/cc1 -isystem =/include/newlib-nano -quiet -v -iprefix /Applications/STM32CubeIDE.app/Contents/Eclipse/plugins/com.st.stm32cube.ide.mcu.externaltools.gnu-tools-for-stm32.10.3-2021.10.macos64_1.0.200.202301161003/tools/bin/../lib/gcc/arm-none-eabi/10.3.1/ -isysroot /Applications/STM32CubeIDE.app/Contents/Eclipse/plugins/com.st.stm32cube.ide.mcu.externaltools.gnu-tools-for-stm32.10.3-2021.10.macos64_1.0.200.202301161003/tools/bin/../arm-none-eabi -D__USES_INITFINI__ /Users/eliapalme/Library/Application Support/Code/User/globalStorage/ms-vscode.vscode-embedded-tools/vcpkg/root/downloads/artifacts/vcpkg-ce-default/tools.kitware.cmake/3.20.1/share/cmake-3.20/Modules/CMakeCCompilerABI.c -quiet -dumpbase CMakeCCompilerABI.c -mcpu=arm7tdmi -mfloat-abi=soft -marm -mlibarch=armv4t -march=armv4t -auxbase-strip CMakeFiles/cmTC_6cc6d.dir/CMakeCCompilerABI.c.obj -version -fdata-sections -ffunction-sections -o /var/folders/vl/pvnm0czs5j36bgj7mfrhwldw0000gn/T//ccdGveHY.s
GNU C17 (GNU Tools for STM32 10.3-2021.10.20211105-1100) version 10.3.1 20210824 (release) (arm-none-eabi)
	compiled by GNU C version 4.2.1 Compatible Apple LLVM 10.0.1 (clang-1001.0.46.4), GMP version 6.1.0, MPFR version 3.1.4, MPC version 1.0.3, isl version isl-0.18-GMP

GGC heuristics: --param ggc-min-expand=100 --param ggc-min-heapsize=131072
ignoring duplicate directory "/Applications/STM32CubeIDE.app/Contents/Eclipse/plugins/com.st.stm32cube.ide.mcu.externaltools.gnu-tools-for-stm32.10.3-2021.10.macos64_1.0.200.202301161003/tools/bin/../lib/gcc/../../lib/gcc/arm-none-eabi/10.3.1/include"
ignoring nonexistent directory "/Applications/STM32CubeIDE.app/Contents/Eclipse/plugins/com.st.stm32cube.ide.mcu.externaltools.gnu-tools-for-stm32.10.3-2021.10.macos64_1.0.200.202301161003/tools/bin/../arm-none-eabi/usr/local/include"
ignoring duplicate directory "/Applications/STM32CubeIDE.app/Contents/Eclipse/plugins/com.st.stm32cube.ide.mcu.externaltools.gnu-tools-for-stm32.10.3-2021.10.macos64_1.0.200.202301161003/tools/bin/../lib/gcc/../../lib/gcc/arm-none-eabi/10.3.1/include-fixed"
ignoring duplicate directory "/Applications/STM32CubeIDE.app/Contents/Eclipse/plugins/com.st.stm32cube.ide.mcu.externaltools.gnu-tools-for-stm32.10.3-2021.10.macos64_1.0.200.202301161003/tools/bin/../lib/gcc/../../lib/gcc/arm-none-eabi/10.3.1/../../../../arm-none-eabi/include"
ignoring nonexistent directory "/Applications/STM32CubeIDE.app/Contents/Eclipse/plugins/com.st.stm32cube.ide.mcu.externaltools.gnu-tools-for-stm32.10.3-2021.10.macos64_1.0.200.202301161003/tools/bin/../arm-none-eabi/usr/include"
#include "..." search starts here:
#include <...> search starts here:
 /Applications/STM32CubeIDE.app/Contents/Eclipse/plugins/com.st.stm32cube.ide.mcu.externaltools.gnu-tools-for-stm32.10.3-2021.10.macos64_1.0.200.202301161003/tools/bin/../arm-none-eabi/include/newlib-nano
 /Applications/STM32CubeIDE.app/Contents/Eclipse/plugins/com.st.stm32cube.ide.mcu.externaltools.gnu-tools-for-stm32.10.3-2021.10.macos64_1.0.200.202301161003/tools/bin/../lib/gcc/arm-none-eabi/10.3.1/include
 /Applications/STM32CubeIDE.app/Contents/Eclipse/plugins/com.st.stm32cube.ide.mcu.externaltools.gnu-tools-for-stm32.10.3-2021.10.macos64_1.0.200.202301161003/tools/bin/../lib/gcc/arm-none-eabi/10.3.1/include-fixed
 /Applications/STM32CubeIDE.app/Contents/Eclipse/plugins/com.st.stm32cube.ide.mcu.externaltools.gnu-tools-for-stm32.10.3-2021.10.macos64_1.0.200.202301161003/tools/bin/../lib/gcc/arm-none-eabi/10.3.1/../../../../arm-none-eabi/include
End of search list.
GNU C17 (GNU Tools for STM32 10.3-2021.10.20211105-1100) version 10.3.1 20210824 (release) (arm-none-eabi)
	compiled by GNU C version 4.2.1 Compatible Apple LLVM 10.0.1 (clang-1001.0.46.4), GMP version 6.1.0, MPFR version 3.1.4, MPC version 1.0.3, isl version isl-0.18-GMP

GGC heuristics: --param ggc-min-expand=100 --param ggc-min-heapsize=131072
Compiler executable checksum: d96dbf79396faa41cd81384b2c0d93a1
COLLECT_GCC_OPTIONS='-fdata-sections' '-ffunction-sections' '-specs=nano.specs' '-v' '-o' 'CMakeFiles/cmTC_6cc6d.dir/CMakeCCompilerABI.c.obj' '-c' '-mcpu=arm7tdmi' '-mfloat-abi=soft' '-marm' '-mlibarch=armv4t' '-march=armv4t'
 /Applications/STM32CubeIDE.app/Contents/Eclipse/plugins/com.st.stm32cube.ide.mcu.externaltools.gnu-tools-for-stm32.10.3-2021.10.macos64_1.0.200.202301161003/tools/bin/../lib/gcc/arm-none-eabi/10.3.1/../../../../arm-none-eabi/bin/as -v -march=armv4t -mfloat-abi=soft -meabi=5 -o CMakeFiles/cmTC_6cc6d.dir/CMakeCCompilerABI.c.obj /var/folders/vl/pvnm0czs5j36bgj7mfrhwldw0000gn/T//ccdGveHY.s
GNU assembler version 2.36.1 (arm-none-eabi) using BFD version (GNU Tools for STM32 10.3-2021.10.20211105-1100) 2.36.1.20210621
COMPILER_PATH=/Applications/STM32CubeIDE.app/Contents/Eclipse/plugins/com.st.stm32cube.ide.mcu.externaltools.gnu-tools-for-stm32.10.3-2021.10.macos64_1.0.200.202301161003/tools/bin/../lib/gcc/arm-none-eabi/10.3.1/:/Applications/STM32CubeIDE.app/Contents/Eclipse/plugins/com.st.stm32cube.ide.mcu.externaltools.gnu-tools-for-stm32.10.3-2021.10.macos64_1.0.200.202301161003/tools/bin/../lib/gcc/:/Applications/STM32CubeIDE.app/Contents/Eclipse/plugins/com.st.stm32cube.ide.mcu.externaltools.gnu-tools-for-stm32.10.3-2021.10.macos64_1.0.200.202301161003/tools/bin/../lib/gcc/arm-none-eabi/10.3.1/../../../../arm-none-eabi/bin/
LIBRARY_PATH=/Applications/STM32CubeIDE.app/Contents/Eclipse/plugins/com.st.stm32cube.ide.mcu.externaltools.gnu-tools-for-stm32.10.3-2021.10.macos64_1.0.200.202301161003/tools/bin/../lib/gcc/arm-none-eabi/10.3.1/:/Applications/STM32CubeIDE.app/Contents/Eclipse/plugins/com.st.stm32cube.ide.mcu.externaltools.gnu-tools-for-stm32.10.3-2021.10.macos64_1.0.200.202301161003/tools/bin/../lib/gcc/:/Applications/STM32CubeIDE.app/Contents/Eclipse/plugins/com.st.stm32cube.ide.mcu.externaltools.gnu-tools-for-stm32.10.3-2021.10.macos64_1.0.200.202301161003/tools/bin/../lib/gcc/arm-none-eabi/10.3.1/../../../../arm-none-eabi/lib/:/Applications/STM32CubeIDE.app/Contents/Eclipse/plugins/com.st.stm32cube.ide.mcu.externaltools.gnu-tools-for-stm32.10.3-2021.10.macos64_1.0.200.202301161003/tools/bin/../arm-none-eabi/lib/
COLLECT_GCC_OPTIONS='-fdata-sections' '-ffunction-sections' '-specs=nano.specs' '-v' '-o' 'CMakeFiles/cmTC_6cc6d.dir/CMakeCCompilerABI.c.obj' '-c' '-mcpu=arm7tdmi' '-mfloat-abi=soft' '-marm' '-mlibarch=armv4t' '-march=armv4t'
[2/2] Linking C static library libcmTC_6cc6d.a



Parsed C implicit include dir info from above output: rv=done
  found start of include info
  found start of implicit include info
    add: [/Applications/STM32CubeIDE.app/Contents/Eclipse/plugins/com.st.stm32cube.ide.mcu.externaltools.gnu-tools-for-stm32.10.3-2021.10.macos64_1.0.200.202301161003/tools/bin/../arm-none-eabi/include/newlib-nano]
    add: [/Applications/STM32CubeIDE.app/Contents/Eclipse/plugins/com.st.stm32cube.ide.mcu.externaltools.gnu-tools-for-stm32.10.3-2021.10.macos64_1.0.200.202301161003/tools/bin/../lib/gcc/arm-none-eabi/10.3.1/include]
    add: [/Applications/STM32CubeIDE.app/Contents/Eclipse/plugins/com.st.stm32cube.ide.mcu.externaltools.gnu-tools-for-stm32.10.3-2021.10.macos64_1.0.200.202301161003/tools/bin/../lib/gcc/arm-none-eabi/10.3.1/include-fixed]
    add: [/Applications/STM32CubeIDE.app/Contents/Eclipse/plugins/com.st.stm32cube.ide.mcu.externaltools.gnu-tools-for-stm32.10.3-2021.10.macos64_1.0.200.202301161003/tools/bin/../lib/gcc/arm-none-eabi/10.3.1/../../../../arm-none-eabi/include]
  end of search list found
  collapse include dir [/Applications/STM32CubeIDE.app/Contents/Eclipse/plugins/com.st.stm32cube.ide.mcu.externaltools.gnu-tools-for-stm32.10.3-2021.10.macos64_1.0.200.202301161003/tools/bin/../arm-none-eabi/include/newlib-nano] ==> [/Applications/STM32CubeIDE.app/Contents/Eclipse/plugins/com.st.stm32cube.ide.mcu.externaltools.gnu-tools-for-stm32.10.3-2021.10.macos64_1.0.200.202301161003/tools/arm-none-eabi/include/newlib-nano]
  collapse include dir [/Applications/STM32CubeIDE.app/Contents/Eclipse/plugins/com.st.stm32cube.ide.mcu.externaltools.gnu-tools-for-stm32.10.3-2021.10.macos64_1.0.200.202301161003/tools/bin/../lib/gcc/arm-none-eabi/10.3.1/include] ==> [/Applications/STM32CubeIDE.app/Contents/Eclipse/plugins/com.st.stm32cube.ide.mcu.externaltools.gnu-tools-for-stm32.10.3-2021.10.macos64_1.0.200.202301161003/tools/lib/gcc/arm-none-eabi/10.3.1/include]
  collapse include dir [/Applications/STM32CubeIDE.app/Contents/Eclipse/plugins/com.st.stm32cube.ide.mcu.externaltools.gnu-tools-for-stm32.10.3-2021.10.macos64_1.0.200.202301161003/tools/bin/../lib/gcc/arm-none-eabi/10.3.1/include-fixed] ==> [/Applications/STM32CubeIDE.app/Contents/Eclipse/plugins/com.st.stm32cube.ide.mcu.externaltools.gnu-tools-for-stm32.10.3-2021.10.macos64_1.0.200.202301161003/tools/lib/gcc/arm-none-eabi/10.3.1/include-fixed]
  collapse include dir [/Applications/STM32CubeIDE.app/Contents/Eclipse/plugins/com.st.stm32cube.ide.mcu.externaltools.gnu-tools-for-stm32.10.3-2021.10.macos64_1.0.200.202301161003/tools/bin/../lib/gcc/arm-none-eabi/10.3.1/../../../../arm-none-eabi/include] ==> [/Applications/STM32CubeIDE.app/Contents/Eclipse/plugins/com.st.stm32cube.ide.mcu.externaltools.gnu-tools-for-stm32.10.3-2021.10.macos64_1.0.200.202301161003/tools/arm-none-eabi/include]
  implicit include dirs: [/Applications/STM32CubeIDE.app/Contents/Eclipse/plugins/com.st.stm32cube.ide.mcu.externaltools.gnu-tools-for-stm32.10.3-2021.10.macos64_1.0.200.202301161003/tools/arm-none-eabi/include/newlib-nano;/Applications/STM32CubeIDE.app/Contents/Eclipse/plugins/com.st.stm32cube.ide.mcu.externaltools.gnu-tools-for-stm32.10.3-2021.10.macos64_1.0.200.202301161003/tools/lib/gcc/arm-none-eabi/10.3.1/include;/Applications/STM32CubeIDE.app/Contents/Eclipse/plugins/com.st.stm32cube.ide.mcu.externaltools.gnu-tools-for-stm32.10.3-2021.10.macos64_1.0.200.202301161003/tools/lib/gcc/arm-none-eabi/10.3.1/include-fixed;/Applications/STM32CubeIDE.app/Contents/Eclipse/plugins/com.st.stm32cube.ide.mcu.externaltools.gnu-tools-for-stm32.10.3-2021.10.macos64_1.0.200.202301161003/tools/arm-none-eabi/include]


Parsed C implicit link information from above output:
  link line regex: [^( *|.*[/\])(arm-none-eabi-ld|CMAKE_LINK_STARTFILE-NOTFOUND|([^/\]+-)?ld|collect2)[^/\]*( |$)]
  ignore line: [Change Dir: /Users/eliapalme/AutoMower/B005CSerial/build/debug/build/CMakeFiles/CMakeTmp]
  ignore line: []
  ignore line: [Run Build Command(s):/Users/eliapalme/Library/Application Support/Code/User/globalStorage/ms-vscode.vscode-embedded-tools/vcpkg/root/downloads/artifacts/vcpkg-ce-default/tools.ninja.build.ninja/1.10.2/ninja cmTC_6cc6d && [1/2] Building C object CMakeFiles/cmTC_6cc6d.dir/CMakeCCompilerABI.c.obj]
  ignore line: [Using built-in specs.]
  ignore line: [Reading specs from /Applications/STM32CubeIDE.app/Contents/Eclipse/plugins/com.st.stm32cube.ide.mcu.externaltools.gnu-tools-for-stm32.10.3-2021.10.macos64_1.0.200.202301161003/tools/bin/../lib/gcc/arm-none-eabi/10.3.1/../../../../arm-none-eabi/lib/nano.specs]
  ignore line: [rename spec link to nano_link]
  ignore line: [rename spec link_gcc_c_sequence to nano_link_gcc_c_sequence]
  ignore line: [rename spec cpp_unique_options to nano_cpp_unique_options]
  ignore line: [COLLECT_GCC=/Applications/STM32CubeIDE.app/Contents/Eclipse/plugins/com.st.stm32cube.ide.mcu.externaltools.gnu-tools-for-stm32.10.3-2021.10.macos64_1.0.200.202301161003/tools/bin/arm-none-eabi-gcc]
  ignore line: [Target: arm-none-eabi]
  ignore line: [Configured with: /build/gnu-tools-for-stm32_10.3-2021.10.20211105-1100/src/gcc/configure --target=arm-none-eabi --prefix=/build/gnu-tools-for-stm32_10.3-2021.10.20211105-1100/install-native --libexecdir=/build/gnu-tools-for-stm32_10.3-2021.10.20211105-1100/install-native/lib --infodir=/build/gnu-tools-for-stm32_10.3-2021.10.20211105-1100/install-native/share/doc/gcc-arm-none-eabi/info --mandir=/build/gnu-tools-for-stm32_10.3-2021.10.20211105-1100/install-native/share/doc/gcc-arm-none-eabi/man --htmldir=/build/gnu-tools-for-stm32_10.3-2021.10.20211105-1100/install-native/share/doc/gcc-arm-none-eabi/html --pdfdir=/build/gnu-tools-for-stm32_10.3-2021.10.20211105-1100/install-native/share/doc/gcc-arm-none-eabi/pdf --enable-languages=c,c++ --enable-plugins --disable-decimal-float --disable-libffi --disable-libgomp --disable-libmudflap --disable-libquadmath --disable-libssp --disable-libstdcxx-pch --disable-nls --disable-shared --disable-threads --disable-tls --with-gnu-as --with-gnu-ld --with-newlib --with-headers=yes --with-python-dir=share/gcc-arm-none-eabi --with-sysroot=/build/gnu-tools-for-stm32_10.3-2021.10.20211105-1100/install-native/arm-none-eabi --build=x86_64-apple-darwin10 --host=x86_64-apple-darwin10 --with-gmp=/build/gnu-tools-for-stm32_10.3-2021.10.20211105-1100/build-native/host-libs/usr --with-mpfr=/build/gnu-tools-for-stm32_10.3-2021.10.20211105-1100/build-native/host-libs/usr --with-mpc=/build/gnu-tools-for-stm32_10.3-2021.10.20211105-1100/build-native/host-libs/usr --with-isl=/build/gnu-tools-for-stm32_10.3-2021.10.20211105-1100/build-native/host-libs/usr --with-libelf=/build/gnu-tools-for-stm32_10.3-2021.10.20211105-1100/build-native/host-libs/usr --with-host-libstdcxx='-static-libgcc -Wl,-lstdc++ -lm' --with-pkgversion='GNU Tools for STM32 10.3-2021.10.20211105-1100' --with-multilib-list=rmprofile,aprofile]
  ignore line: [Thread model: single]
  ignore line: [Supported LTO compression algorithms: zlib]
  ignore line: [gcc version 10.3.1 20210824 (release) (GNU Tools for STM32 10.3-2021.10.20211105-1100) ]
  ignore line: [COLLECT_GCC_OPTIONS='-fdata-sections' '-ffunction-sections' '-specs=nano.specs' '-v' '-o' 'CMakeFiles/cmTC_6cc6d.dir/CMakeCCompilerABI.c.obj' '-c' '-mcpu=arm7tdmi' '-mfloat-abi=soft' '-marm' '-mlibarch=armv4t' '-march=armv4t']
  ignore line: [ /Applications/STM32CubeIDE.app/Contents/Eclipse/plugins/com.st.stm32cube.ide.mcu.externaltools.gnu-tools-for-stm32.10.3-2021.10.macos64_1.0.200.202301161003/tools/bin/../lib/gcc/arm-none-eabi/10.3.1/cc1 -isystem =/include/newlib-nano -quiet -v -iprefix /Applications/STM32CubeIDE.app/Contents/Eclipse/plugins/com.st.stm32cube.ide.mcu.externaltools.gnu-tools-for-stm32.10.3-2021.10.macos64_1.0.200.202301161003/tools/bin/../lib/gcc/arm-none-eabi/10.3.1/ -isysroot /Applications/STM32CubeIDE.app/Contents/Eclipse/plugins/com.st.stm32cube.ide.mcu.externaltools.gnu-tools-for-stm32.10.3-2021.10.macos64_1.0.200.202301161003/tools/bin/../arm-none-eabi -D__USES_INITFINI__ /Users/eliapalme/Library/Application Support/Code/User/globalStorage/ms-vscode.vscode-embedded-tools/vcpkg/root/downloads/artifacts/vcpkg-ce-default/tools.kitware.cmake/3.20.1/share/cmake-3.20/Modules/CMakeCCompilerABI.c -quiet -dumpbase CMakeCCompilerABI.c -mcpu=arm7tdmi -mfloat-abi=soft -marm -mlibarch=armv4t -march=armv4t -auxbase-strip CMakeFiles/cmTC_6cc6d.dir/CMakeCCompilerABI.c.obj -version -fdata-sections -ffunction-sections -o /var/folders/vl/pvnm0czs5j36bgj7mfrhwldw0000gn/T//ccdGveHY.s]
  ignore line: [GNU C17 (GNU Tools for STM32 10.3-2021.10.20211105-1100) version 10.3.1 20210824 (release) (arm-none-eabi)]
  ignore line: [	compiled by GNU C version 4.2.1 Compatible Apple LLVM 10.0.1 (clang-1001.0.46.4)  GMP version 6.1.0  MPFR version 3.1.4  MPC version 1.0.3  isl version isl-0.18-GMP]
  ignore line: []
  ignore line: [GGC heuristics: --param ggc-min-expand=100 --param ggc-min-heapsize=131072]
  ignore line: [ignoring duplicate directory "/Applications/STM32CubeIDE.app/Contents/Eclipse/plugins/com.st.stm32cube.ide.mcu.externaltools.gnu-tools-for-stm32.10.3-2021.10.macos64_1.0.200.202301161003/tools/bin/../lib/gcc/../../lib/gcc/arm-none-eabi/10.3.1/include"]
  ignore line: [ignoring nonexistent directory "/Applications/STM32CubeIDE.app/Contents/Eclipse/plugins/com.st.stm32cube.ide.mcu.externaltools.gnu-tools-for-stm32.10.3-2021.10.macos64_1.0.200.202301161003/tools/bin/../arm-none-eabi/usr/local/include"]
  ignore line: [ignoring duplicate directory "/Applications/STM32CubeIDE.app/Contents/Eclipse/plugins/com.st.stm32cube.ide.mcu.externaltools.gnu-tools-for-stm32.10.3-2021.10.macos64_1.0.200.202301161003/tools/bin/../lib/gcc/../../lib/gcc/arm-none-eabi/10.3.1/include-fixed"]
  ignore line: [ignoring duplicate directory "/Applications/STM32CubeIDE.app/Contents/Eclipse/plugins/com.st.stm32cube.ide.mcu.externaltools.gnu-tools-for-stm32.10.3-2021.10.macos64_1.0.200.202301161003/tools/bin/../lib/gcc/../../lib/gcc/arm-none-eabi/10.3.1/../../../../arm-none-eabi/include"]
  ignore line: [ignoring nonexistent directory "/Applications/STM32CubeIDE.app/Contents/Eclipse/plugins/com.st.stm32cube.ide.mcu.externaltools.gnu-tools-for-stm32.10.3-2021.10.macos64_1.0.200.202301161003/tools/bin/../arm-none-eabi/usr/include"]
  ignore line: [#include "..." search starts here:]
  ignore line: [#include <...> search starts here:]
  ignore line: [ /Applications/STM32CubeIDE.app/Contents/Eclipse/plugins/com.st.stm32cube.ide.mcu.externaltools.gnu-tools-for-stm32.10.3-2021.10.macos64_1.0.200.202301161003/tools/bin/../arm-none-eabi/include/newlib-nano]
  ignore line: [ /Applications/STM32CubeIDE.app/Contents/Eclipse/plugins/com.st.stm32cube.ide.mcu.externaltools.gnu-tools-for-stm32.10.3-2021.10.macos64_1.0.200.202301161003/tools/bin/../lib/gcc/arm-none-eabi/10.3.1/include]
  ignore line: [ /Applications/STM32CubeIDE.app/Contents/Eclipse/plugins/com.st.stm32cube.ide.mcu.externaltools.gnu-tools-for-stm32.10.3-2021.10.macos64_1.0.200.202301161003/tools/bin/../lib/gcc/arm-none-eabi/10.3.1/include-fixed]
  ignore line: [ /Applications/STM32CubeIDE.app/Contents/Eclipse/plugins/com.st.stm32cube.ide.mcu.externaltools.gnu-tools-for-stm32.10.3-2021.10.macos64_1.0.200.202301161003/tools/bin/../lib/gcc/arm-none-eabi/10.3.1/../../../../arm-none-eabi/include]
  ignore line: [End of search list.]
  ignore line: [GNU C17 (GNU Tools for STM32 10.3-2021.10.20211105-1100) version 10.3.1 20210824 (release) (arm-none-eabi)]
  ignore line: [	compiled by GNU C version 4.2.1 Compatible Apple LLVM 10.0.1 (clang-1001.0.46.4)  GMP version 6.1.0  MPFR version 3.1.4  MPC version 1.0.3  isl version isl-0.18-GMP]
  ignore line: []
  ignore line: [GGC heuristics: --param ggc-min-expand=100 --param ggc-min-heapsize=131072]
  ignore line: [Compiler executable checksum: d96dbf79396faa41cd81384b2c0d93a1]
  ignore line: [COLLECT_GCC_OPTIONS='-fdata-sections' '-ffunction-sections' '-specs=nano.specs' '-v' '-o' 'CMakeFiles/cmTC_6cc6d.dir/CMakeCCompilerABI.c.obj' '-c' '-mcpu=arm7tdmi' '-mfloat-abi=soft' '-marm' '-mlibarch=armv4t' '-march=armv4t']
  ignore line: [ /Applications/STM32CubeIDE.app/Contents/Eclipse/plugins/com.st.stm32cube.ide.mcu.externaltools.gnu-tools-for-stm32.10.3-2021.10.macos64_1.0.200.202301161003/tools/bin/../lib/gcc/arm-none-eabi/10.3.1/../../../../arm-none-eabi/bin/as -v -march=armv4t -mfloat-abi=soft -meabi=5 -o CMakeFiles/cmTC_6cc6d.dir/CMakeCCompilerABI.c.obj /var/folders/vl/pvnm0czs5j36bgj7mfrhwldw0000gn/T//ccdGveHY.s]
  ignore line: [GNU assembler version 2.36.1 (arm-none-eabi) using BFD version (GNU Tools for STM32 10.3-2021.10.20211105-1100) 2.36.1.20210621]
  ignore line: [COMPILER_PATH=/Applications/STM32CubeIDE.app/Contents/Eclipse/plugins/com.st.stm32cube.ide.mcu.externaltools.gnu-tools-for-stm32.10.3-2021.10.macos64_1.0.200.202301161003/tools/bin/../lib/gcc/arm-none-eabi/10.3.1/:/Applications/STM32CubeIDE.app/Contents/Eclipse/plugins/com.st.stm32cube.ide.mcu.externaltools.gnu-tools-for-stm32.10.3-2021.10.macos64_1.0.200.202301161003/tools/bin/../lib/gcc/:/Applications/STM32CubeIDE.app/Contents/Eclipse/plugins/com.st.stm32cube.ide.mcu.externaltools.gnu-tools-for-stm32.10.3-2021.10.macos64_1.0.200.202301161003/tools/bin/../lib/gcc/arm-none-eabi/10.3.1/../../../../arm-none-eabi/bin/]
  ignore line: [LIBRARY_PATH=/Applications/STM32CubeIDE.app/Contents/Eclipse/plugins/com.st.stm32cube.ide.mcu.externaltools.gnu-tools-for-stm32.10.3-2021.10.macos64_1.0.200.202301161003/tools/bin/../lib/gcc/arm-none-eabi/10.3.1/:/Applications/STM32CubeIDE.app/Contents/Eclipse/plugins/com.st.stm32cube.ide.mcu.externaltools.gnu-tools-for-stm32.10.3-2021.10.macos64_1.0.200.202301161003/tools/bin/../lib/gcc/:/Applications/STM32CubeIDE.app/Contents/Eclipse/plugins/com.st.stm32cube.ide.mcu.externaltools.gnu-tools-for-stm32.10.3-2021.10.macos64_1.0.200.202301161003/tools/bin/../lib/gcc/arm-none-eabi/10.3.1/../../../../arm-none-eabi/lib/:/Applications/STM32CubeIDE.app/Contents/Eclipse/plugins/com.st.stm32cube.ide.mcu.externaltools.gnu-tools-for-stm32.10.3-2021.10.macos64_1.0.200.202301161003/tools/bin/../arm-none-eabi/lib/]
  ignore line: [COLLECT_GCC_OPTIONS='-fdata-sections' '-ffunction-sections' '-specs=nano.specs' '-v' '-o' 'CMakeFiles/cmTC_6cc6d.dir/CMakeCCompilerABI.c.obj' '-c' '-mcpu=arm7tdmi' '-mfloat-abi=soft' '-marm' '-mlibarch=armv4t' '-march=armv4t']
  ignore line: [[2/2] Linking C static library libcmTC_6cc6d.a]
  ignore line: []
  ignore line: []
  implicit libs: []
  implicit objs: []
  implicit dirs: []
  implicit fwks: []


Detecting CXX compiler ABI info compiled with the following output:
Change Dir: /Users/eliapalme/AutoMower/B005CSerial/build/debug/build/CMakeFiles/CMakeTmp

Run Build Command(s):/Users/eliapalme/Library/Application Support/Code/User/globalStorage/ms-vscode.vscode-embedded-tools/vcpkg/root/downloads/artifacts/vcpkg-ce-default/tools.ninja.build.ninja/1.10.2/ninja cmTC_d9541 && [1/2] Building CXX object CMakeFiles/cmTC_d9541.dir/CMakeCXXCompilerABI.cpp.obj
Using built-in specs.
Reading specs from /Applications/STM32CubeIDE.app/Contents/Eclipse/plugins/com.st.stm32cube.ide.mcu.externaltools.gnu-tools-for-stm32.10.3-2021.10.macos64_1.0.200.202301161003/tools/bin/../lib/gcc/arm-none-eabi/10.3.1/../../../../arm-none-eabi/lib/nano.specs
rename spec link to nano_link
rename spec link_gcc_c_sequence to nano_link_gcc_c_sequence
rename spec cpp_unique_options to nano_cpp_unique_options
COLLECT_GCC=/Applications/STM32CubeIDE.app/Contents/Eclipse/plugins/com.st.stm32cube.ide.mcu.externaltools.gnu-tools-for-stm32.10.3-2021.10.macos64_1.0.200.202301161003/tools/bin/arm-none-eabi-g++
Target: arm-none-eabi
Configured with: /build/gnu-tools-for-stm32_10.3-2021.10.20211105-1100/src/gcc/configure --target=arm-none-eabi --prefix=/build/gnu-tools-for-stm32_10.3-2021.10.20211105-1100/install-native --libexecdir=/build/gnu-tools-for-stm32_10.3-2021.10.20211105-1100/install-native/lib --infodir=/build/gnu-tools-for-stm32_10.3-2021.10.20211105-1100/install-native/share/doc/gcc-arm-none-eabi/info --mandir=/build/gnu-tools-for-stm32_10.3-2021.10.20211105-1100/install-native/share/doc/gcc-arm-none-eabi/man --htmldir=/build/gnu-tools-for-stm32_10.3-2021.10.20211105-1100/install-native/share/doc/gcc-arm-none-eabi/html --pdfdir=/build/gnu-tools-for-stm32_10.3-2021.10.20211105-1100/install-native/share/doc/gcc-arm-none-eabi/pdf --enable-languages=c,c++ --enable-plugins --disable-decimal-float --disable-libffi --disable-libgomp --disable-libmudflap --disable-libquadmath --disable-libssp --disable-libstdcxx-pch --disable-nls --disable-shared --disable-threads --disable-tls --with-gnu-as --with-gnu-ld --with-newlib --with-headers=yes --with-python-dir=share/gcc-arm-none-eabi --with-sysroot=/build/gnu-tools-for-stm32_10.3-2021.10.20211105-1100/install-native/arm-none-eabi --build=x86_64-apple-darwin10 --host=x86_64-apple-darwin10 --with-gmp=/build/gnu-tools-for-stm32_10.3-2021.10.20211105-1100/build-native/host-libs/usr --with-mpfr=/build/gnu-tools-for-stm32_10.3-2021.10.20211105-1100/build-native/host-libs/usr --with-mpc=/build/gnu-tools-for-stm32_10.3-2021.10.20211105-1100/build-native/host-libs/usr --with-isl=/build/gnu-tools-for-stm32_10.3-2021.10.20211105-1100/build-native/host-libs/usr --with-libelf=/build/gnu-tools-for-stm32_10.3-2021.10.20211105-1100/build-native/host-libs/usr --with-host-libstdcxx='-static-libgcc -Wl,-lstdc++ -lm' --with-pkgversion='GNU Tools for STM32 10.3-2021.10.20211105-1100' --with-multilib-list=rmprofile,aprofile
Thread model: single
Supported LTO compression algorithms: zlib
gcc version 10.3.1 20210824 (release) (GNU Tools for STM32 10.3-2021.10.20211105-1100) 
COLLECT_GCC_OPTIONS='-fdata-sections' '-ffunction-sections' '-specs=nano.specs' '-fno-rtti' '-fno-exceptions' '-fno-threadsafe-statics' '-v' '-o' 'CMakeFiles/cmTC_d9541.dir/CMakeCXXCompilerABI.cpp.obj' '-c' '-mcpu=arm7tdmi' '-mfloat-abi=soft' '-marm' '-mlibarch=armv4t' '-march=armv4t'
 /Applications/STM32CubeIDE.app/Contents/Eclipse/plugins/com.st.stm32cube.ide.mcu.externaltools.gnu-tools-for-stm32.10.3-2021.10.macos64_1.0.200.202301161003/tools/bin/../lib/gcc/arm-none-eabi/10.3.1/cc1plus -isystem =/include/newlib-nano -quiet -v -iprefix /Applications/STM32CubeIDE.app/Contents/Eclipse/plugins/com.st.stm32cube.ide.mcu.externaltools.gnu-tools-for-stm32.10.3-2021.10.macos64_1.0.200.202301161003/tools/bin/../lib/gcc/arm-none-eabi/10.3.1/ -isysroot /Applications/STM32CubeIDE.app/Contents/Eclipse/plugins/com.st.stm32cube.ide.mcu.externaltools.gnu-tools-for-stm32.10.3-2021.10.macos64_1.0.200.202301161003/tools/bin/../arm-none-eabi -D__USES_INITFINI__ /Users/eliapalme/Library/Application Support/Code/User/globalStorage/ms-vscode.vscode-embedded-tools/vcpkg/root/downloads/artifacts/vcpkg-ce-default/tools.kitware.cmake/3.20.1/share/cmake-3.20/Modules/CMakeCXXCompilerABI.cpp -quiet -dumpbase CMakeCXXCompilerABI.cpp -mcpu=arm7tdmi -mfloat-abi=soft -marm -mlibarch=armv4t -march=armv4t -auxbase-strip CMakeFiles/cmTC_d9541.dir/CMakeCXXCompilerABI.cpp.obj -version -fdata-sections -ffunction-sections -fno-rtti -fno-exceptions -fno-threadsafe-statics -o /var/folders/vl/pvnm0czs5j36bgj7mfrhwldw0000gn/T//ccV5ZmYY.s
GNU C++14 (GNU Tools for STM32 10.3-2021.10.20211105-1100) version 10.3.1 20210824 (release) (arm-none-eabi)
	compiled by GNU C version 4.2.1 Compatible Apple LLVM 10.0.1 (clang-1001.0.46.4), GMP version 6.1.0, MPFR version 3.1.4, MPC version 1.0.3, isl version isl-0.18-GMP

GGC heuristics: --param ggc-min-expand=100 --param ggc-min-heapsize=131072
ignoring duplicate directory "/Applications/STM32CubeIDE.app/Contents/Eclipse/plugins/com.st.stm32cube.ide.mcu.externaltools.gnu-tools-for-stm32.10.3-2021.10.macos64_1.0.200.202301161003/tools/bin/../lib/gcc/../../lib/gcc/arm-none-eabi/10.3.1/../../../../arm-none-eabi/include/c++/10.3.1"
ignoring duplicate directory "/Applications/STM32CubeIDE.app/Contents/Eclipse/plugins/com.st.stm32cube.ide.mcu.externaltools.gnu-tools-for-stm32.10.3-2021.10.macos64_1.0.200.202301161003/tools/bin/../lib/gcc/../../lib/gcc/arm-none-eabi/10.3.1/../../../../arm-none-eabi/include/c++/10.3.1/arm-none-eabi"
ignoring duplicate directory "/Applications/STM32CubeIDE.app/Contents/Eclipse/plugins/com.st.stm32cube.ide.mcu.externaltools.gnu-tools-for-stm32.10.3-2021.10.macos64_1.0.200.202301161003/tools/bin/../lib/gcc/../../lib/gcc/arm-none-eabi/10.3.1/../../../../arm-none-eabi/include/c++/10.3.1/backward"
ignoring duplicate directory "/Applications/STM32CubeIDE.app/Contents/Eclipse/plugins/com.st.stm32cube.ide.mcu.externaltools.gnu-tools-for-stm32.10.3-2021.10.macos64_1.0.200.202301161003/tools/bin/../lib/gcc/../../lib/gcc/arm-none-eabi/10.3.1/include"
ignoring nonexistent directory "/Applications/STM32CubeIDE.app/Contents/Eclipse/plugins/com.st.stm32cube.ide.mcu.externaltools.gnu-tools-for-stm32.10.3-2021.10.macos64_1.0.200.202301161003/tools/bin/../arm-none-eabi/usr/local/include"
ignoring duplicate directory "/Applications/STM32CubeIDE.app/Contents/Eclipse/plugins/com.st.stm32cube.ide.mcu.externaltools.gnu-tools-for-stm32.10.3-2021.10.macos64_1.0.200.202301161003/tools/bin/../lib/gcc/../../lib/gcc/arm-none-eabi/10.3.1/include-fixed"
ignoring duplicate directory "/Applications/STM32CubeIDE.app/Contents/Eclipse/plugins/com.st.stm32cube.ide.mcu.externaltools.gnu-tools-for-stm32.10.3-2021.10.macos64_1.0.200.202301161003/tools/bin/../lib/gcc/../../lib/gcc/arm-none-eabi/10.3.1/../../../../arm-none-eabi/include"
ignoring nonexistent directory "/Applications/STM32CubeIDE.app/Contents/Eclipse/plugins/com.st.stm32cube.ide.mcu.externaltools.gnu-tools-for-stm32.10.3-2021.10.macos64_1.0.200.202301161003/tools/bin/../arm-none-eabi/usr/include"
#include "..." search starts here:
#include <...> search starts here:
 /Applications/STM32CubeIDE.app/Contents/Eclipse/plugins/com.st.stm32cube.ide.mcu.externaltools.gnu-tools-for-stm32.10.3-2021.10.macos64_1.0.200.202301161003/tools/bin/../arm-none-eabi/include/newlib-nano
 /Applications/STM32CubeIDE.app/Contents/Eclipse/plugins/com.st.stm32cube.ide.mcu.externaltools.gnu-tools-for-stm32.10.3-2021.10.macos64_1.0.200.202301161003/tools/bin/../lib/gcc/arm-none-eabi/10.3.1/../../../../arm-none-eabi/include/c++/10.3.1
 /Applications/STM32CubeIDE.app/Contents/Eclipse/plugins/com.st.stm32cube.ide.mcu.externaltools.gnu-tools-for-stm32.10.3-2021.10.macos64_1.0.200.202301161003/tools/bin/../lib/gcc/arm-none-eabi/10.3.1/../../../../arm-none-eabi/include/c++/10.3.1/arm-none-eabi
 /Applications/STM32CubeIDE.app/Contents/Eclipse/plugins/com.st.stm32cube.ide.mcu.externaltools.gnu-tools-for-stm32.10.3-2021.10.macos64_1.0.200.202301161003/tools/bin/../lib/gcc/arm-none-eabi/10.3.1/../../../../arm-none-eabi/include/c++/10.3.1/backward
 /Applications/STM32CubeIDE.app/Contents/Eclipse/plugins/com.st.stm32cube.ide.mcu.externaltools.gnu-tools-for-stm32.10.3-2021.10.macos64_1.0.200.202301161003/tools/bin/../lib/gcc/arm-none-eabi/10.3.1/include
 /Applications/STM32CubeIDE.app/Contents/Eclipse/plugins/com.st.stm32cube.ide.mcu.externaltools.gnu-tools-for-stm32.10.3-2021.10.macos64_1.0.200.202301161003/tools/bin/../lib/gcc/arm-none-eabi/10.3.1/include-fixed
 /Applications/STM32CubeIDE.app/Contents/Eclipse/plugins/com.st.stm32cube.ide.mcu.externaltools.gnu-tools-for-stm32.10.3-2021.10.macos64_1.0.200.202301161003/tools/bin/../lib/gcc/arm-none-eabi/10.3.1/../../../../arm-none-eabi/include
End of search list.
GNU C++14 (GNU Tools for STM32 10.3-2021.10.20211105-1100) version 10.3.1 20210824 (release) (arm-none-eabi)
	compiled by GNU C version 4.2.1 Compatible Apple LLVM 10.0.1 (clang-1001.0.46.4), GMP version 6.1.0, MPFR version 3.1.4, MPC version 1.0.3, isl version isl-0.18-GMP

GGC heuristics: --param ggc-min-expand=100 --param ggc-min-heapsize=131072
Compiler executable checksum: 51147b072315d6e4d2d1e8d4d73c4d18
COLLECT_GCC_OPTIONS='-fdata-sections' '-ffunction-sections' '-specs=nano.specs' '-fno-rtti' '-fno-exceptions' '-fno-threadsafe-statics' '-v' '-o' 'CMakeFiles/cmTC_d9541.dir/CMakeCXXCompilerABI.cpp.obj' '-c' '-mcpu=arm7tdmi' '-mfloat-abi=soft' '-marm' '-mlibarch=armv4t' '-march=armv4t'
 /Applications/STM32CubeIDE.app/Contents/Eclipse/plugins/com.st.stm32cube.ide.mcu.externaltools.gnu-tools-for-stm32.10.3-2021.10.macos64_1.0.200.202301161003/tools/bin/../lib/gcc/arm-none-eabi/10.3.1/../../../../arm-none-eabi/bin/as -v -march=armv4t -mfloat-abi=soft -meabi=5 -o CMakeFiles/cmTC_d9541.dir/CMakeCXXCompilerABI.cpp.obj /var/folders/vl/pvnm0czs5j36bgj7mfrhwldw0000gn/T//ccV5ZmYY.s
GNU assembler version 2.36.1 (arm-none-eabi) using BFD version (GNU Tools for STM32 10.3-2021.10.20211105-1100) 2.36.1.20210621
COMPILER_PATH=/Applications/STM32CubeIDE.app/Contents/Eclipse/plugins/com.st.stm32cube.ide.mcu.externaltools.gnu-tools-for-stm32.10.3-2021.10.macos64_1.0.200.202301161003/tools/bin/../lib/gcc/arm-none-eabi/10.3.1/:/Applications/STM32CubeIDE.app/Contents/Eclipse/plugins/com.st.stm32cube.ide.mcu.externaltools.gnu-tools-for-stm32.10.3-2021.10.macos64_1.0.200.202301161003/tools/bin/../lib/gcc/:/Applications/STM32CubeIDE.app/Contents/Eclipse/plugins/com.st.stm32cube.ide.mcu.externaltools.gnu-tools-for-stm32.10.3-2021.10.macos64_1.0.200.202301161003/tools/bin/../lib/gcc/arm-none-eabi/10.3.1/../../../../arm-none-eabi/bin/
LIBRARY_PATH=/Applications/STM32CubeIDE.app/Contents/Eclipse/plugins/com.st.stm32cube.ide.mcu.externaltools.gnu-tools-for-stm32.10.3-2021.10.macos64_1.0.200.202301161003/tools/bin/../lib/gcc/arm-none-eabi/10.3.1/:/Applications/STM32CubeIDE.app/Contents/Eclipse/plugins/com.st.stm32cube.ide.mcu.externaltools.gnu-tools-for-stm32.10.3-2021.10.macos64_1.0.200.202301161003/tools/bin/../lib/gcc/:/Applications/STM32CubeIDE.app/Contents/Eclipse/plugins/com.st.stm32cube.ide.mcu.externaltools.gnu-tools-for-stm32.10.3-2021.10.macos64_1.0.200.202301161003/tools/bin/../lib/gcc/arm-none-eabi/10.3.1/../../../../arm-none-eabi/lib/:/Applications/STM32CubeIDE.app/Contents/Eclipse/plugins/com.st.stm32cube.ide.mcu.externaltools.gnu-tools-for-stm32.10.3-2021.10.macos64_1.0.200.202301161003/tools/bin/../arm-none-eabi/lib/
COLLECT_GCC_OPTIONS='-fdata-sections' '-ffunction-sections' '-specs=nano.specs' '-fno-rtti' '-fno-exceptions' '-fno-threadsafe-statics' '-v' '-o' 'CMakeFiles/cmTC_d9541.dir/CMakeCXXCompilerABI.cpp.obj' '-c' '-mcpu=arm7tdmi' '-mfloat-abi=soft' '-marm' '-mlibarch=armv4t' '-march=armv4t'
[2/2] Linking CXX static library libcmTC_d9541.a



Parsed CXX implicit include dir info from above output: rv=done
  found start of include info
  found start of implicit include info
    add: [/Applications/STM32CubeIDE.app/Contents/Eclipse/plugins/com.st.stm32cube.ide.mcu.externaltools.gnu-tools-for-stm32.10.3-2021.10.macos64_1.0.200.202301161003/tools/bin/../arm-none-eabi/include/newlib-nano]
    add: [/Applications/STM32CubeIDE.app/Contents/Eclipse/plugins/com.st.stm32cube.ide.mcu.externaltools.gnu-tools-for-stm32.10.3-2021.10.macos64_1.0.200.202301161003/tools/bin/../lib/gcc/arm-none-eabi/10.3.1/../../../../arm-none-eabi/include/c++/10.3.1]
    add: [/Applications/STM32CubeIDE.app/Contents/Eclipse/plugins/com.st.stm32cube.ide.mcu.externaltools.gnu-tools-for-stm32.10.3-2021.10.macos64_1.0.200.202301161003/tools/bin/../lib/gcc/arm-none-eabi/10.3.1/../../../../arm-none-eabi/include/c++/10.3.1/arm-none-eabi]
    add: [/Applications/STM32CubeIDE.app/Contents/Eclipse/plugins/com.st.stm32cube.ide.mcu.externaltools.gnu-tools-for-stm32.10.3-2021.10.macos64_1.0.200.202301161003/tools/bin/../lib/gcc/arm-none-eabi/10.3.1/../../../../arm-none-eabi/include/c++/10.3.1/backward]
    add: [/Applications/STM32CubeIDE.app/Contents/Eclipse/plugins/com.st.stm32cube.ide.mcu.externaltools.gnu-tools-for-stm32.10.3-2021.10.macos64_1.0.200.202301161003/tools/bin/../lib/gcc/arm-none-eabi/10.3.1/include]
    add: [/Applications/STM32CubeIDE.app/Contents/Eclipse/plugins/com.st.stm32cube.ide.mcu.externaltools.gnu-tools-for-stm32.10.3-2021.10.macos64_1.0.200.202301161003/tools/bin/../lib/gcc/arm-none-eabi/10.3.1/include-fixed]
    add: [/Applications/STM32CubeIDE.app/Contents/Eclipse/plugins/com.st.stm32cube.ide.mcu.externaltools.gnu-tools-for-stm32.10.3-2021.10.macos64_1.0.200.202301161003/tools/bin/../lib/gcc/arm-none-eabi/10.3.1/../../../../arm-none-eabi/include]
  end of search list found
  collapse include dir [/Applications/STM32CubeIDE.app/Contents/Eclipse/plugins/com.st.stm32cube.ide.mcu.externaltools.gnu-tools-for-stm32.10.3-2021.10.macos64_1.0.200.202301161003/tools/bin/../arm-none-eabi/include/newlib-nano] ==> [/Applications/STM32CubeIDE.app/Contents/Eclipse/plugins/com.st.stm32cube.ide.mcu.externaltools.gnu-tools-for-stm32.10.3-2021.10.macos64_1.0.200.202301161003/tools/arm-none-eabi/include/newlib-nano]
  collapse include dir [/Applications/STM32CubeIDE.app/Contents/Eclipse/plugins/com.st.stm32cube.ide.mcu.externaltools.gnu-tools-for-stm32.10.3-2021.10.macos64_1.0.200.202301161003/tools/bin/../lib/gcc/arm-none-eabi/10.3.1/../../../../arm-none-eabi/include/c++/10.3.1] ==> [/Applications/STM32CubeIDE.app/Contents/Eclipse/plugins/com.st.stm32cube.ide.mcu.externaltools.gnu-tools-for-stm32.10.3-2021.10.macos64_1.0.200.202301161003/tools/arm-none-eabi/include/c++/10.3.1]
  collapse include dir [/Applications/STM32CubeIDE.app/Contents/Eclipse/plugins/com.st.stm32cube.ide.mcu.externaltools.gnu-tools-for-stm32.10.3-2021.10.macos64_1.0.200.202301161003/tools/bin/../lib/gcc/arm-none-eabi/10.3.1/../../../../arm-none-eabi/include/c++/10.3.1/arm-none-eabi] ==> [/Applications/STM32CubeIDE.app/Contents/Eclipse/plugins/com.st.stm32cube.ide.mcu.externaltools.gnu-tools-for-stm32.10.3-2021.10.macos64_1.0.200.202301161003/tools/arm-none-eabi/include/c++/10.3.1/arm-none-eabi]
  collapse include dir [/Applications/STM32CubeIDE.app/Contents/Eclipse/plugins/com.st.stm32cube.ide.mcu.externaltools.gnu-tools-for-stm32.10.3-2021.10.macos64_1.0.200.202301161003/tools/bin/../lib/gcc/arm-none-eabi/10.3.1/../../../../arm-none-eabi/include/c++/10.3.1/backward] ==> [/Applications/STM32CubeIDE.app/Contents/Eclipse/plugins/com.st.stm32cube.ide.mcu.externaltools.gnu-tools-for-stm32.10.3-2021.10.macos64_1.0.200.202301161003/tools/arm-none-eabi/include/c++/10.3.1/backward]
  collapse include dir [/Applications/STM32CubeIDE.app/Contents/Eclipse/plugins/com.st.stm32cube.ide.mcu.externaltools.gnu-tools-for-stm32.10.3-2021.10.macos64_1.0.200.202301161003/tools/bin/../lib/gcc/arm-none-eabi/10.3.1/include] ==> [/Applications/STM32CubeIDE.app/Contents/Eclipse/plugins/com.st.stm32cube.ide.mcu.externaltools.gnu-tools-for-stm32.10.3-2021.10.macos64_1.0.200.202301161003/tools/lib/gcc/arm-none-eabi/10.3.1/include]
  collapse include dir [/Applications/STM32CubeIDE.app/Contents/Eclipse/plugins/com.st.stm32cube.ide.mcu.externaltools.gnu-tools-for-stm32.10.3-2021.10.macos64_1.0.200.202301161003/tools/bin/../lib/gcc/arm-none-eabi/10.3.1/include-fixed] ==> [/Applications/STM32CubeIDE.app/Contents/Eclipse/plugins/com.st.stm32cube.ide.mcu.externaltools.gnu-tools-for-stm32.10.3-2021.10.macos64_1.0.200.202301161003/tools/lib/gcc/arm-none-eabi/10.3.1/include-fixed]
  collapse include dir [/Applications/STM32CubeIDE.app/Contents/Eclipse/plugins/com.st.stm32cube.ide.mcu.externaltools.gnu-tools-for-stm32.10.3-2021.10.macos64_1.0.200.202301161003/tools/bin/../lib/gcc/arm-none-eabi/10.3.1/../../../../arm-none-eabi/include] ==> [/Applications/STM32CubeIDE.app/Contents/Eclipse/plugins/com.st.stm32cube.ide.mcu.externaltools.gnu-tools-for-stm32.10.3-2021.10.macos64_1.0.200.202301161003/tools/arm-none-eabi/include]
  implicit include dirs: [/Applications/STM32CubeIDE.app/Contents/Eclipse/plugins/com.st.stm32cube.ide.mcu.externaltools.gnu-tools-for-stm32.10.3-2021.10.macos64_1.0.200.202301161003/tools/arm-none-eabi/include/newlib-nano;/Applications/STM32CubeIDE.app/Contents/Eclipse/plugins/com.st.stm32cube.ide.mcu.externaltools.gnu-tools-for-stm32.10.3-2021.10.macos64_1.0.200.202301161003/tools/arm-none-eabi/include/c++/10.3.1;/Applications/STM32CubeIDE.app/Contents/Eclipse/plugins/com.st.stm32cube.ide.mcu.externaltools.gnu-tools-for-stm32.10.3-2021.10.macos64_1.0.200.202301161003/tools/arm-none-eabi/include/c++/10.3.1/arm-none-eabi;/Applications/STM32CubeIDE.app/Contents/Eclipse/plugins/com.st.stm32cube.ide.mcu.externaltools.gnu-tools-for-stm32.10.3-2021.10.macos64_1.0.200.202301161003/tools/arm-none-eabi/include/c++/10.3.1/backward;/Applications/STM32CubeIDE.app/Contents/Eclipse/plugins/com.st.stm32cube.ide.mcu.externaltools.gnu-tools-for-stm32.10.3-2021.10.macos64_1.0.200.202301161003/tools/lib/gcc/arm-none-eabi/10.3.1/include;/Applications/STM32CubeIDE.app/Contents/Eclipse/plugins/com.st.stm32cube.ide.mcu.externaltools.gnu-tools-for-stm32.10.3-2021.10.macos64_1.0.200.202301161003/tools/lib/gcc/arm-none-eabi/10.3.1/include-fixed;/Applications/STM32CubeIDE.app/Contents/Eclipse/plugins/com.st.stm32cube.ide.mcu.externaltools.gnu-tools-for-stm32.10.3-2021.10.macos64_1.0.200.202301161003/tools/arm-none-eabi/include]


Parsed CXX implicit link information from above output:
  link line regex: [^( *|.*[/\])(arm-none-eabi-ld|CMAKE_LINK_STARTFILE-NOTFOUND|([^/\]+-)?ld|collect2)[^/\]*( |$)]
  ignore line: [Change Dir: /Users/eliapalme/AutoMower/B005CSerial/build/debug/build/CMakeFiles/CMakeTmp]
  ignore line: []
  ignore line: [Run Build Command(s):/Users/eliapalme/Library/Application Support/Code/User/globalStorage/ms-vscode.vscode-embedded-tools/vcpkg/root/downloads/artifacts/vcpkg-ce-default/tools.ninja.build.ninja/1.10.2/ninja cmTC_d9541 && [1/2] Building CXX object CMakeFiles/cmTC_d9541.dir/CMakeCXXCompilerABI.cpp.obj]
  ignore line: [Using built-in specs.]
  ignore line: [Reading specs from /Applications/STM32CubeIDE.app/Contents/Eclipse/plugins/com.st.stm32cube.ide.mcu.externaltools.gnu-tools-for-stm32.10.3-2021.10.macos64_1.0.200.202301161003/tools/bin/../lib/gcc/arm-none-eabi/10.3.1/../../../../arm-none-eabi/lib/nano.specs]
  ignore line: [rename spec link to nano_link]
  ignore line: [rename spec link_gcc_c_sequence to nano_link_gcc_c_sequence]
  ignore line: [rename spec cpp_unique_options to nano_cpp_unique_options]
  ignore line: [COLLECT_GCC=/Applications/STM32CubeIDE.app/Contents/Eclipse/plugins/com.st.stm32cube.ide.mcu.externaltools.gnu-tools-for-stm32.10.3-2021.10.macos64_1.0.200.202301161003/tools/bin/arm-none-eabi-g++]
  ignore line: [Target: arm-none-eabi]
  ignore line: [Configured with: /build/gnu-tools-for-stm32_10.3-2021.10.20211105-1100/src/gcc/configure --target=arm-none-eabi --prefix=/build/gnu-tools-for-stm32_10.3-2021.10.20211105-1100/install-native --libexecdir=/build/gnu-tools-for-stm32_10.3-2021.10.20211105-1100/install-native/lib --infodir=/build/gnu-tools-for-stm32_10.3-2021.10.20211105-1100/install-native/share/doc/gcc-arm-none-eabi/info --mandir=/build/gnu-tools-for-stm32_10.3-2021.10.20211105-1100/install-native/share/doc/gcc-arm-none-eabi/man --htmldir=/build/gnu-tools-for-stm32_10.3-2021.10.20211105-1100/install-native/share/doc/gcc-arm-none-eabi/html --pdfdir=/build/gnu-tools-for-stm32_10.3-2021.10.20211105-1100/install-native/share/doc/gcc-arm-none-eabi/pdf --enable-languages=c,c++ --enable-plugins --disable-decimal-float --disable-libffi --disable-libgomp --disable-libmudflap --disable-libquadmath --disable-libssp --disable-libstdcxx-pch --disable-nls --disable-shared --disable-threads --disable-tls --with-gnu-as --with-gnu-ld --with-newlib --with-headers=yes --with-python-dir=share/gcc-arm-none-eabi --with-sysroot=/build/gnu-tools-for-stm32_10.3-2021.10.20211105-1100/install-native/arm-none-eabi --build=x86_64-apple-darwin10 --host=x86_64-apple-darwin10 --with-gmp=/build/gnu-tools-for-stm32_10.3-2021.10.20211105-1100/build-native/host-libs/usr --with-mpfr=/build/gnu-tools-for-stm32_10.3-2021.10.20211105-1100/build-native/host-libs/usr --with-mpc=/build/gnu-tools-for-stm32_10.3-2021.10.20211105-1100/build-native/host-libs/usr --with-isl=/build/gnu-tools-for-stm32_10.3-2021.10.20211105-1100/build-native/host-libs/usr --with-libelf=/build/gnu-tools-for-stm32_10.3-2021.10.20211105-1100/build-native/host-libs/usr --with-host-libstdcxx='-static-libgcc -Wl,-lstdc++ -lm' --with-pkgversion='GNU Tools for STM32 10.3-2021.10.20211105-1100' --with-multilib-list=rmprofile,aprofile]
  ignore line: [Thread model: single]
  ignore line: [Supported LTO compression algorithms: zlib]
  ignore line: [gcc version 10.3.1 20210824 (release) (GNU Tools for STM32 10.3-2021.10.20211105-1100) ]
  ignore line: [COLLECT_GCC_OPTIONS='-fdata-sections' '-ffunction-sections' '-specs=nano.specs' '-fno-rtti' '-fno-exceptions' '-fno-threadsafe-statics' '-v' '-o' 'CMakeFiles/cmTC_d9541.dir/CMakeCXXCompilerABI.cpp.obj' '-c' '-mcpu=arm7tdmi' '-mfloat-abi=soft' '-marm' '-mlibarch=armv4t' '-march=armv4t']
  ignore line: [ /Applications/STM32CubeIDE.app/Contents/Eclipse/plugins/com.st.stm32cube.ide.mcu.externaltools.gnu-tools-for-stm32.10.3-2021.10.macos64_1.0.200.202301161003/tools/bin/../lib/gcc/arm-none-eabi/10.3.1/cc1plus -isystem =/include/newlib-nano -quiet -v -iprefix /Applications/STM32CubeIDE.app/Contents/Eclipse/plugins/com.st.stm32cube.ide.mcu.externaltools.gnu-tools-for-stm32.10.3-2021.10.macos64_1.0.200.202301161003/tools/bin/../lib/gcc/arm-none-eabi/10.3.1/ -isysroot /Applications/STM32CubeIDE.app/Contents/Eclipse/plugins/com.st.stm32cube.ide.mcu.externaltools.gnu-tools-for-stm32.10.3-2021.10.macos64_1.0.200.202301161003/tools/bin/../arm-none-eabi -D__USES_INITFINI__ /Users/eliapalme/Library/Application Support/Code/User/globalStorage/ms-vscode.vscode-embedded-tools/vcpkg/root/downloads/artifacts/vcpkg-ce-default/tools.kitware.cmake/3.20.1/share/cmake-3.20/Modules/CMakeCXXCompilerABI.cpp -quiet -dumpbase CMakeCXXCompilerABI.cpp -mcpu=arm7tdmi -mfloat-abi=soft -marm -mlibarch=armv4t -march=armv4t -auxbase-strip CMakeFiles/cmTC_d9541.dir/CMakeCXXCompilerABI.cpp.obj -version -fdata-sections -ffunction-sections -fno-rtti -fno-exceptions -fno-threadsafe-statics -o /var/folders/vl/pvnm0czs5j36bgj7mfrhwldw0000gn/T//ccV5ZmYY.s]
  ignore line: [GNU C++14 (GNU Tools for STM32 10.3-2021.10.20211105-1100) version 10.3.1 20210824 (release) (arm-none-eabi)]
  ignore line: [	compiled by GNU C version 4.2.1 Compatible Apple LLVM 10.0.1 (clang-1001.0.46.4)  GMP version 6.1.0  MPFR version 3.1.4  MPC version 1.0.3  isl version isl-0.18-GMP]
  ignore line: []
  ignore line: [GGC heuristics: --param ggc-min-expand=100 --param ggc-min-heapsize=131072]
  ignore line: [ignoring duplicate directory "/Applications/STM32CubeIDE.app/Contents/Eclipse/plugins/com.st.stm32cube.ide.mcu.externaltools.gnu-tools-for-stm32.10.3-2021.10.macos64_1.0.200.202301161003/tools/bin/../lib/gcc/../../lib/gcc/arm-none-eabi/10.3.1/../../../../arm-none-eabi/include/c++/10.3.1"]
  ignore line: [ignoring duplicate directory "/Applications/STM32CubeIDE.app/Contents/Eclipse/plugins/com.st.stm32cube.ide.mcu.externaltools.gnu-tools-for-stm32.10.3-2021.10.macos64_1.0.200.202301161003/tools/bin/../lib/gcc/../../lib/gcc/arm-none-eabi/10.3.1/../../../../arm-none-eabi/include/c++/10.3.1/arm-none-eabi"]
  ignore line: [ignoring duplicate directory "/Applications/STM32CubeIDE.app/Contents/Eclipse/plugins/com.st.stm32cube.ide.mcu.externaltools.gnu-tools-for-stm32.10.3-2021.10.macos64_1.0.200.202301161003/tools/bin/../lib/gcc/../../lib/gcc/arm-none-eabi/10.3.1/../../../../arm-none-eabi/include/c++/10.3.1/backward"]
  ignore line: [ignoring duplicate directory "/Applications/STM32CubeIDE.app/Contents/Eclipse/plugins/com.st.stm32cube.ide.mcu.externaltools.gnu-tools-for-stm32.10.3-2021.10.macos64_1.0.200.202301161003/tools/bin/../lib/gcc/../../lib/gcc/arm-none-eabi/10.3.1/include"]
  ignore line: [ignoring nonexistent directory "/Applications/STM32CubeIDE.app/Contents/Eclipse/plugins/com.st.stm32cube.ide.mcu.externaltools.gnu-tools-for-stm32.10.3-2021.10.macos64_1.0.200.202301161003/tools/bin/../arm-none-eabi/usr/local/include"]
  ignore line: [ignoring duplicate directory "/Applications/STM32CubeIDE.app/Contents/Eclipse/plugins/com.st.stm32cube.ide.mcu.externaltools.gnu-tools-for-stm32.10.3-2021.10.macos64_1.0.200.202301161003/tools/bin/../lib/gcc/../../lib/gcc/arm-none-eabi/10.3.1/include-fixed"]
  ignore line: [ignoring duplicate directory "/Applications/STM32CubeIDE.app/Contents/Eclipse/plugins/com.st.stm32cube.ide.mcu.externaltools.gnu-tools-for-stm32.10.3-2021.10.macos64_1.0.200.202301161003/tools/bin/../lib/gcc/../../lib/gcc/arm-none-eabi/10.3.1/../../../../arm-none-eabi/include"]
  ignore line: [ignoring nonexistent directory "/Applications/STM32CubeIDE.app/Contents/Eclipse/plugins/com.st.stm32cube.ide.mcu.externaltools.gnu-tools-for-stm32.10.3-2021.10.macos64_1.0.200.202301161003/tools/bin/../arm-none-eabi/usr/include"]
  ignore line: [#include "..." search starts here:]
  ignore line: [#include <...> search starts here:]
  ignore line: [ /Applications/STM32CubeIDE.app/Contents/Eclipse/plugins/com.st.stm32cube.ide.mcu.externaltools.gnu-tools-for-stm32.10.3-2021.10.macos64_1.0.200.202301161003/tools/bin/../arm-none-eabi/include/newlib-nano]
  ignore line: [ /Applications/STM32CubeIDE.app/Contents/Eclipse/plugins/com.st.stm32cube.ide.mcu.externaltools.gnu-tools-for-stm32.10.3-2021.10.macos64_1.0.200.202301161003/tools/bin/../lib/gcc/arm-none-eabi/10.3.1/../../../../arm-none-eabi/include/c++/10.3.1]
  ignore line: [ /Applications/STM32CubeIDE.app/Contents/Eclipse/plugins/com.st.stm32cube.ide.mcu.externaltools.gnu-tools-for-stm32.10.3-2021.10.macos64_1.0.200.202301161003/tools/bin/../lib/gcc/arm-none-eabi/10.3.1/../../../../arm-none-eabi/include/c++/10.3.1/arm-none-eabi]
  ignore line: [ /Applications/STM32CubeIDE.app/Contents/Eclipse/plugins/com.st.stm32cube.ide.mcu.externaltools.gnu-tools-for-stm32.10.3-2021.10.macos64_1.0.200.202301161003/tools/bin/../lib/gcc/arm-none-eabi/10.3.1/../../../../arm-none-eabi/include/c++/10.3.1/backward]
  ignore line: [ /Applications/STM32CubeIDE.app/Contents/Eclipse/plugins/com.st.stm32cube.ide.mcu.externaltools.gnu-tools-for-stm32.10.3-2021.10.macos64_1.0.200.202301161003/tools/bin/../lib/gcc/arm-none-eabi/10.3.1/include]
  ignore line: [ /Applications/STM32CubeIDE.app/Contents/Eclipse/plugins/com.st.stm32cube.ide.mcu.externaltools.gnu-tools-for-stm32.10.3-2021.10.macos64_1.0.200.202301161003/tools/bin/../lib/gcc/arm-none-eabi/10.3.1/include-fixed]
  ignore line: [ /Applications/STM32CubeIDE.app/Contents/Eclipse/plugins/com.st.stm32cube.ide.mcu.externaltools.gnu-tools-for-stm32.10.3-2021.10.macos64_1.0.200.202301161003/tools/bin/../lib/gcc/arm-none-eabi/10.3.1/../../../../arm-none-eabi/include]
  ignore line: [End of search list.]
  ignore line: [GNU C++14 (GNU Tools for STM32 10.3-2021.10.20211105-1100) version 10.3.1 20210824 (release) (arm-none-eabi)]
  ignore line: [	compiled by GNU C version 4.2.1 Compatible Apple LLVM 10.0.1 (clang-1001.0.46.4)  GMP version 6.1.0  MPFR version 3.1.4  MPC version 1.0.3  isl version isl-0.18-GMP]
  ignore line: []
  ignore line: [GGC heuristics: --param ggc-min-expand=100 --param ggc-min-heapsize=131072]
  ignore line: [Compiler executable checksum: 51147b072315d6e4d2d1e8d4d73c4d18]
  ignore line: [COLLECT_GCC_OPTIONS='-fdata-sections' '-ffunction-sections' '-specs=nano.specs' '-fno-rtti' '-fno-exceptions' '-fno-threadsafe-statics' '-v' '-o' 'CMakeFiles/cmTC_d9541.dir/CMakeCXXCompilerABI.cpp.obj' '-c' '-mcpu=arm7tdmi' '-mfloat-abi=soft' '-marm' '-mlibarch=armv4t' '-march=armv4t']
  ignore line: [ /Applications/STM32CubeIDE.app/Contents/Eclipse/plugins/com.st.stm32cube.ide.mcu.externaltools.gnu-tools-for-stm32.10.3-2021.10.macos64_1.0.200.202301161003/tools/bin/../lib/gcc/arm-none-eabi/10.3.1/../../../../arm-none-eabi/bin/as -v -march=armv4t -mfloat-abi=soft -meabi=5 -o CMakeFiles/cmTC_d9541.dir/CMakeCXXCompilerABI.cpp.obj /var/folders/vl/pvnm0czs5j36bgj7mfrhwldw0000gn/T//ccV5ZmYY.s]
  ignore line: [GNU assembler version 2.36.1 (arm-none-eabi) using BFD version (GNU Tools for STM32 10.3-2021.10.20211105-1100) 2.36.1.20210621]
  ignore line: [COMPILER_PATH=/Applications/STM32CubeIDE.app/Contents/Eclipse/plugins/com.st.stm32cube.ide.mcu.externaltools.gnu-tools-for-stm32.10.3-2021.10.macos64_1.0.200.202301161003/tools/bin/../lib/gcc/arm-none-eabi/10.3.1/:/Applications/STM32CubeIDE.app/Contents/Eclipse/plugins/com.st.stm32cube.ide.mcu.externaltools.gnu-tools-for-stm32.10.3-2021.10.macos64_1.0.200.202301161003/tools/bin/../lib/gcc/:/Applications/STM32CubeIDE.app/Contents/Eclipse/plugins/com.st.stm32cube.ide.mcu.externaltools.gnu-tools-for-stm32.10.3-2021.10.macos64_1.0.200.202301161003/tools/bin/../lib/gcc/arm-none-eabi/10.3.1/../../../../arm-none-eabi/bin/]
  ignore line: [LIBRARY_PATH=/Applications/STM32CubeIDE.app/Contents/Eclipse/plugins/com.st.stm32cube.ide.mcu.externaltools.gnu-tools-for-stm32.10.3-2021.10.macos64_1.0.200.202301161003/tools/bin/../lib/gcc/arm-none-eabi/10.3.1/:/Applications/STM32CubeIDE.app/Contents/Eclipse/plugins/com.st.stm32cube.ide.mcu.externaltools.gnu-tools-for-stm32.10.3-2021.10.macos64_1.0.200.202301161003/tools/bin/../lib/gcc/:/Applications/STM32CubeIDE.app/Contents/Eclipse/plugins/com.st.stm32cube.ide.mcu.externaltools.gnu-tools-for-stm32.10.3-2021.10.macos64_1.0.200.202301161003/tools/bin/../lib/gcc/arm-none-eabi/10.3.1/../../../../arm-none-eabi/lib/:/Applications/STM32CubeIDE.app/Contents/Eclipse/plugins/com.st.stm32cube.ide.mcu.externaltools.gnu-tools-for-stm32.10.3-2021.10.macos64_1.0.200.202301161003/tools/bin/../arm-none-eabi/lib/]
  ignore line: [COLLECT_GCC_OPTIONS='-fdata-sections' '-ffunction-sections' '-specs=nano.specs' '-fno-rtti' '-fno-exceptions' '-fno-threadsafe-statics' '-v' '-o' 'CMakeFiles/cmTC_d9541.dir/CMakeCXXCompilerABI.cpp.obj' '-c' '-mcpu=arm7tdmi' '-mfloat-abi=soft' '-marm' '-mlibarch=armv4t' '-march=armv4t']
  ignore line: [[2/2] Linking CXX static library libcmTC_d9541.a]
  ignore line: []
  ignore line: []
  implicit libs: []
  implicit objs: []
  implicit dirs: []
  implicit fwks: []


